This is pdfTeX, Version 3.14159265-2.6-1.40.18 (TeX Live 2017) (preloaded format=pdflatex 2017.5.23)  8 AUG 2017 16:28
entering extended mode
 restricted \write18 enabled.
 file:line:error style messages enabled.
 %&-line parsing enabled.
**2017corl.tex
(./2017corl.tex
LaTeX2e <2017-04-15>
Babel <3.10> and hyphenation patterns for 84 language(s) loaded.
(/usr/local/texlive/2017/texmf-dist/tex/latex/base/article.cls
Document Class: article 2014/09/29 v1.4h Standard LaTeX document class
(/usr/local/texlive/2017/texmf-dist/tex/latex/base/size10.clo
File: size10.clo 2014/09/29 v1.4h Standard LaTeX file (size option)
)
\c@part=\count79
\c@section=\count80
\c@subsection=\count81
\c@subsubsection=\count82
\c@paragraph=\count83
\c@subparagraph=\count84
\c@figure=\count85
\c@table=\count86
\abovecaptionskip=\skip41
\belowcaptionskip=\skip42
\bibindent=\dimen102
)
(./corl_2017.sty
Package: corl_2017 2017/04/16 CORL 2017 submission/camera-ready style file

(/usr/local/texlive/2017/texmf-dist/tex/latex/lineno/lineno.sty
Package: lineno 2005/11/02 line numbers on paragraphs v4.41
\linenopenalty=\count87
\output=\toks14
\linenoprevgraf=\count88
\linenumbersep=\dimen103
\linenumberwidth=\dimen104
\c@linenumber=\count89
\c@pagewiselinenumber=\count90
\c@LN@truepage=\count91
\c@internallinenumber=\count92
\c@internallinenumbers=\count93
\quotelinenumbersep=\dimen105
\bframerule=\dimen106
\bframesep=\dimen107
\bframebox=\box26
LaTeX Info: Redefining \\ on input line 3056.
)
(/usr/local/texlive/2017/texmf-dist/tex/latex/graphics/color.sty
Package: color 2016/07/10 v1.1e Standard LaTeX Color (DPC)

(/usr/local/texlive/2017/texmf-dist/tex/latex/graphics-cfg/color.cfg
File: color.cfg 2016/01/02 v1.6 sample color configuration
)
Package color Info: Driver file: pdftex.def on input line 147.

(/usr/local/texlive/2017/texmf-dist/tex/latex/graphics-def/pdftex.def
File: pdftex.def 2017/01/12 v0.06k Graphics/color for pdfTeX

(/usr/local/texlive/2017/texmf-dist/tex/generic/oberdiek/infwarerr.sty
Package: infwarerr 2016/05/16 v1.4 Providing info/warning/error messages (HO)
)
(/usr/local/texlive/2017/texmf-dist/tex/generic/oberdiek/ltxcmds.sty
Package: ltxcmds 2016/05/16 v1.23 LaTeX kernel commands for general use (HO)
)
\Gread@gobject=\count94
))
(/usr/local/texlive/2017/texmf-dist/tex/latex/natbib/natbib.sty
Package: natbib 2010/09/13 8.31b (PWD, AO)
\bibhang=\skip43
\bibsep=\skip44
LaTeX Info: Redefining \cite on input line 694.
\c@NAT@ctr=\count95
)
(/usr/local/texlive/2017/texmf-dist/tex/latex/hyperref/hyperref.sty
Package: hyperref 2017/03/14 v6.85a Hypertext links for LaTeX

(/usr/local/texlive/2017/texmf-dist/tex/generic/oberdiek/hobsub-hyperref.sty
Package: hobsub-hyperref 2016/05/16 v1.14 Bundle oberdiek, subset hyperref (HO)


(/usr/local/texlive/2017/texmf-dist/tex/generic/oberdiek/hobsub-generic.sty
Package: hobsub-generic 2016/05/16 v1.14 Bundle oberdiek, subset generic (HO)
Package: hobsub 2016/05/16 v1.14 Construct package bundles (HO)
Package hobsub Info: Skipping package `infwarerr' (already loaded).
Package hobsub Info: Skipping package `ltxcmds' (already loaded).
Package: ifluatex 2016/05/16 v1.4 Provides the ifluatex switch (HO)
Package ifluatex Info: LuaTeX not detected.
Package: ifvtex 2016/05/16 v1.6 Detect VTeX and its facilities (HO)
Package ifvtex Info: VTeX not detected.
Package: intcalc 2016/05/16 v1.2 Expandable calculations with integers (HO)
Package: ifpdf 2017/03/15 v3.2 Provides the ifpdf switch
Package: etexcmds 2016/05/16 v1.6 Avoid name clashes with e-TeX commands (HO)
Package etexcmds Info: Could not find \expanded.
(etexcmds)             That can mean that you are not using pdfTeX 1.50 or
(etexcmds)             that some package has redefined \expanded.
(etexcmds)             In the latter case, load this package earlier.
Package: kvsetkeys 2016/05/16 v1.17 Key value parser (HO)
Package: kvdefinekeys 2016/05/16 v1.4 Define keys (HO)
Package: pdftexcmds 2017/03/19 v0.25 Utility functions of pdfTeX for LuaTeX (HO
)
Package pdftexcmds Info: LuaTeX not detected.
Package pdftexcmds Info: \pdf@primitive is available.
Package pdftexcmds Info: \pdf@ifprimitive is available.
Package pdftexcmds Info: \pdfdraftmode found.
Package: pdfescape 2016/05/16 v1.14 Implements pdfTeX's escape features (HO)
Package: bigintcalc 2016/05/16 v1.4 Expandable calculations on big integers (HO
)
Package: bitset 2016/05/16 v1.2 Handle bit-vector datatype (HO)
Package: uniquecounter 2016/05/16 v1.3 Provide unlimited unique counter (HO)
)
Package hobsub Info: Skipping package `hobsub' (already loaded).
Package: letltxmacro 2016/05/16 v1.5 Let assignment for LaTeX macros (HO)
Package: hopatch 2016/05/16 v1.3 Wrapper for package hooks (HO)
Package: xcolor-patch 2016/05/16 xcolor patch
Package: atveryend 2016/05/16 v1.9 Hooks at the very end of document (HO)
Package atveryend Info: \enddocument detected (standard20110627).
Package: atbegshi 2016/06/09 v1.18 At begin shipout hook (HO)
Package: refcount 2016/05/16 v3.5 Data extraction from label references (HO)
Package: hycolor 2016/05/16 v1.8 Color options for hyperref/bookmark (HO)
)
(/usr/local/texlive/2017/texmf-dist/tex/latex/graphics/keyval.sty
Package: keyval 2014/10/28 v1.15 key=value parser (DPC)
\KV@toks@=\toks15
)
(/usr/local/texlive/2017/texmf-dist/tex/generic/ifxetex/ifxetex.sty
Package: ifxetex 2010/09/12 v0.6 Provides ifxetex conditional
)
(/usr/local/texlive/2017/texmf-dist/tex/latex/oberdiek/auxhook.sty
Package: auxhook 2016/05/16 v1.4 Hooks for auxiliary files (HO)
)
(/usr/local/texlive/2017/texmf-dist/tex/latex/oberdiek/kvoptions.sty
Package: kvoptions 2016/05/16 v3.12 Key value format for package options (HO)
)
\@linkdim=\dimen108
\Hy@linkcounter=\count96
\Hy@pagecounter=\count97

(/usr/local/texlive/2017/texmf-dist/tex/latex/hyperref/pd1enc.def
File: pd1enc.def 2017/03/14 v6.85a Hyperref: PDFDocEncoding definition (HO)
)
\Hy@SavedSpaceFactor=\count98

(/usr/local/texlive/2017/texmf-dist/tex/latex/latexconfig/hyperref.cfg
File: hyperref.cfg 2002/06/06 v1.2 hyperref configuration of TeXLive
)
Package hyperref Info: Hyper figures OFF on input line 4498.
Package hyperref Info: Link nesting OFF on input line 4503.
Package hyperref Info: Hyper index ON on input line 4506.
Package hyperref Info: Plain pages OFF on input line 4513.
Package hyperref Info: Backreferencing OFF on input line 4518.
Package hyperref Info: Implicit mode ON; LaTeX internals redefined.
Package hyperref Info: Bookmarks ON on input line 4751.
\c@Hy@tempcnt=\count99

(/usr/local/texlive/2017/texmf-dist/tex/latex/url/url.sty
\Urlmuskip=\muskip10
Package: url 2013/09/16  ver 3.4  Verb mode for urls, etc.
)
LaTeX Info: Redefining \url on input line 5104.
\XeTeXLinkMargin=\dimen109
\Fld@menulength=\count100
\Field@Width=\dimen110
\Fld@charsize=\dimen111
Package hyperref Info: Hyper figures OFF on input line 6358.
Package hyperref Info: Link nesting OFF on input line 6363.
Package hyperref Info: Hyper index ON on input line 6366.
Package hyperref Info: backreferencing OFF on input line 6373.
Package hyperref Info: Link coloring OFF on input line 6378.
Package hyperref Info: Link coloring with OCG OFF on input line 6383.
Package hyperref Info: PDF/A mode OFF on input line 6388.
LaTeX Info: Redefining \ref on input line 6428.
LaTeX Info: Redefining \pageref on input line 6432.
\Hy@abspage=\count101
\c@Item=\count102
\c@Hfootnote=\count103
)

Package hyperref Message: Driver (autodetected): hpdftex.

(/usr/local/texlive/2017/texmf-dist/tex/latex/hyperref/hpdftex.def
File: hpdftex.def 2017/03/14 v6.85a Hyperref driver for pdfTeX
\Fld@listcount=\count104
\c@bookmark@seq@number=\count105

(/usr/local/texlive/2017/texmf-dist/tex/latex/oberdiek/rerunfilecheck.sty
Package: rerunfilecheck 2016/05/16 v1.8 Rerun checks for auxiliary files (HO)
Package uniquecounter Info: New unique counter `rerunfilecheck' on input line 2
82.
)
\Hy@SectionHShift=\skip45
)
(/usr/local/texlive/2017/texmf-dist/tex/latex/geometry/geometry.sty
Package: geometry 2010/09/12 v5.6 Page Geometry
\Gm@cnth=\count106
\Gm@cntv=\count107
\c@Gm@tempcnt=\count108
\Gm@bindingoffset=\dimen112
\Gm@wd@mp=\dimen113
\Gm@odd@mp=\dimen114
\Gm@even@mp=\dimen115
\Gm@layoutwidth=\dimen116
\Gm@layoutheight=\dimen117
\Gm@layouthoffset=\dimen118
\Gm@layoutvoffset=\dimen119
\Gm@dimlist=\toks16
)
Package hyperref Info: Option `colorlinks' set `true' on input line 97.
\@nipsabovecaptionskip=\skip46
\@nipsbelowcaptionskip=\skip47
)
(/usr/local/texlive/2017/texmf-dist/tex/latex/amsmath/amsmath.sty
Package: amsmath 2016/11/05 v2.16a AMS math features
\@mathmargin=\skip48

For additional information on amsmath, use the `?' option.
(/usr/local/texlive/2017/texmf-dist/tex/latex/amsmath/amstext.sty
Package: amstext 2000/06/29 v2.01 AMS text

(/usr/local/texlive/2017/texmf-dist/tex/latex/amsmath/amsgen.sty
File: amsgen.sty 1999/11/30 v2.0 generic functions
\@emptytoks=\toks17
\ex@=\dimen120
))
(/usr/local/texlive/2017/texmf-dist/tex/latex/amsmath/amsbsy.sty
Package: amsbsy 1999/11/29 v1.2d Bold Symbols
\pmbraise@=\dimen121
)
(/usr/local/texlive/2017/texmf-dist/tex/latex/amsmath/amsopn.sty
Package: amsopn 2016/03/08 v2.02 operator names
)
\inf@bad=\count109
LaTeX Info: Redefining \frac on input line 213.
\uproot@=\count110
\leftroot@=\count111
LaTeX Info: Redefining \overline on input line 375.
\classnum@=\count112
\DOTSCASE@=\count113
LaTeX Info: Redefining \ldots on input line 472.
LaTeX Info: Redefining \dots on input line 475.
LaTeX Info: Redefining \cdots on input line 596.
\Mathstrutbox@=\box27
\strutbox@=\box28
\big@size=\dimen122
LaTeX Font Info:    Redeclaring font encoding OML on input line 712.
LaTeX Font Info:    Redeclaring font encoding OMS on input line 713.
\macc@depth=\count114
\c@MaxMatrixCols=\count115
\dotsspace@=\muskip11
\c@parentequation=\count116
\dspbrk@lvl=\count117
\tag@help=\toks18
\row@=\count118
\column@=\count119
\maxfields@=\count120
\andhelp@=\toks19
\eqnshift@=\dimen123
\alignsep@=\dimen124
\tagshift@=\dimen125
\tagwidth@=\dimen126
\totwidth@=\dimen127
\lineht@=\dimen128
\@envbody=\toks20
\multlinegap=\skip49
\multlinetaggap=\skip50
\mathdisplay@stack=\toks21
LaTeX Info: Redefining \[ on input line 2817.
LaTeX Info: Redefining \] on input line 2818.
)
(/usr/local/texlive/2017/texmf-dist/tex/latex/amsfonts/amsfonts.sty
Package: amsfonts 2013/01/14 v3.01 Basic AMSFonts support
\symAMSa=\mathgroup4
\symAMSb=\mathgroup5
LaTeX Font Info:    Overwriting math alphabet `\mathfrak' in version `bold'
(Font)                  U/euf/m/n --> U/euf/b/n on input line 106.
)
(/usr/local/texlive/2017/texmf-dist/tex/latex/amsfonts/amssymb.sty
Package: amssymb 2013/01/14 v3.01 AMS font symbols
)
(/usr/local/texlive/2017/texmf-dist/tex/latex/subfigure/subfigure.sty
Package: subfigure 2002/03/15 v2.1.5 subfigure package
\subfigtopskip=\skip51
\subfigcapskip=\skip52
\subfigcaptopadj=\dimen129
\subfigbottomskip=\skip53
\subfigcapmargin=\dimen130
\subfiglabelskip=\skip54
\c@subfigure=\count121
\c@lofdepth=\count122
\c@subtable=\count123
\c@lotdepth=\count124

****************************************
* Local config file subfigure.cfg used *
****************************************
(/usr/local/texlive/2017/texmf-dist/tex/latex/subfigure/subfigure.cfg)
\subfig@top=\skip55
\subfig@bottom=\skip56
)
(/usr/local/texlive/2017/texmf-dist/tex/latex/multirow/multirow.sty
Package: multirow 2016/11/25 v2.2 Span multiple rows of a table
\multirow@colwidth=\skip57
\multirow@cntb=\count125
\multirow@dima=\skip58
\bigstrutjot=\dimen131
)
(/usr/local/texlive/2017/texmf-dist/tex/latex/xcolor/xcolor.sty
Package: xcolor 2016/05/11 v2.12 LaTeX color extensions (UK)

(/usr/local/texlive/2017/texmf-dist/tex/latex/graphics-cfg/color.cfg
File: color.cfg 2016/01/02 v1.6 sample color configuration
)
Package xcolor Info: Driver file: pdftex.def on input line 225.
LaTeX Info: Redefining \color on input line 709.
Package xcolor Info: Model `cmy' substituted by `cmy0' on input line 1348.
Package xcolor Info: Model `hsb' substituted by `rgb' on input line 1352.
Package xcolor Info: Model `RGB' extended on input line 1364.
Package xcolor Info: Model `HTML' substituted by `rgb' on input line 1366.
Package xcolor Info: Model `Hsb' substituted by `hsb' on input line 1367.
Package xcolor Info: Model `tHsb' substituted by `hsb' on input line 1368.
Package xcolor Info: Model `HSB' substituted by `hsb' on input line 1369.
Package xcolor Info: Model `Gray' substituted by `gray' on input line 1370.
Package xcolor Info: Model `wave' substituted by `hsb' on input line 1371.
)
(/usr/local/texlive/2017/texmf-dist/tex/latex/amsfonts/eucal.sty
Package: eucal 2009/06/22 v3.00 Euler Script fonts
LaTeX Font Info:    Overwriting math alphabet `\EuScript' in version `bold'
(Font)                  U/eus/m/n --> U/eus/b/n on input line 33.
) (./macros.tex
\c@proposition=\count126
\c@definition=\count127
\c@theorem=\count128
\c@corollary=\count129
\c@lemma=\count130
\c@claim=\count131
\c@assumption=\count132
\c@remark=\count133
\c@property=\count134
\c@implication=\count135
\c@example=\count136
) (/usr/local/texlive/2017/texmf-dist/tex/latex/todonotes/todonotes.sty
Package: todonotes 2015/07/09 .dtx Todonotes source and documentation.
Package: todonotes 2012/07/25

(/usr/local/texlive/2017/texmf-dist/tex/latex/base/ifthen.sty
Package: ifthen 2014/09/29 v1.1c Standard LaTeX ifthen package (DPC)
)
(/usr/local/texlive/2017/texmf-dist/tex/latex/xkeyval/xkeyval.sty
Package: xkeyval 2014/12/03 v2.7a package option processing (HA)

(/usr/local/texlive/2017/texmf-dist/tex/generic/xkeyval/xkeyval.tex
(/usr/local/texlive/2017/texmf-dist/tex/generic/xkeyval/xkvutils.tex
\XKV@toks=\toks22
\XKV@tempa@toks=\toks23
)
\XKV@depth=\count137
File: xkeyval.tex 2014/12/03 v2.7a key=value parser (HA)
))
(/usr/local/texlive/2017/texmf-dist/tex/latex/pgf/frontendlayer/tikz.sty
(/usr/local/texlive/2017/texmf-dist/tex/latex/pgf/basiclayer/pgf.sty
(/usr/local/texlive/2017/texmf-dist/tex/latex/pgf/utilities/pgfrcs.sty
(/usr/local/texlive/2017/texmf-dist/tex/generic/pgf/utilities/pgfutil-common.te
x
\pgfutil@everybye=\toks24
\pgfutil@tempdima=\dimen132
\pgfutil@tempdimb=\dimen133

(/usr/local/texlive/2017/texmf-dist/tex/generic/pgf/utilities/pgfutil-common-li
sts.tex))
(/usr/local/texlive/2017/texmf-dist/tex/generic/pgf/utilities/pgfutil-latex.def
\pgfutil@abb=\box29
(/usr/local/texlive/2017/texmf-dist/tex/latex/ms/everyshi.sty
Package: everyshi 2001/05/15 v3.00 EveryShipout Package (MS)
))
(/usr/local/texlive/2017/texmf-dist/tex/generic/pgf/utilities/pgfrcs.code.tex
Package: pgfrcs 2015/08/07 v3.0.1a (rcs-revision 1.31)
))
Package: pgf 2015/08/07 v3.0.1a (rcs-revision 1.15)
(/usr/local/texlive/2017/texmf-dist/tex/latex/pgf/basiclayer/pgfcore.sty
(/usr/local/texlive/2017/texmf-dist/tex/latex/graphics/graphicx.sty
Package: graphicx 2014/10/28 v1.0g Enhanced LaTeX Graphics (DPC,SPQR)

(/usr/local/texlive/2017/texmf-dist/tex/latex/graphics/graphics.sty
Package: graphics 2017/04/14 v1.1b Standard LaTeX Graphics (DPC,SPQR)

(/usr/local/texlive/2017/texmf-dist/tex/latex/graphics/trig.sty
Package: trig 2016/01/03 v1.10 sin cos tan (DPC)
)
(/usr/local/texlive/2017/texmf-dist/tex/latex/graphics-cfg/graphics.cfg
File: graphics.cfg 2016/06/04 v1.11 sample graphics configuration
)
Package graphics Info: Driver file: pdftex.def on input line 99.
)
\Gin@req@height=\dimen134
\Gin@req@width=\dimen135
)
(/usr/local/texlive/2017/texmf-dist/tex/latex/pgf/systemlayer/pgfsys.sty
(/usr/local/texlive/2017/texmf-dist/tex/generic/pgf/systemlayer/pgfsys.code.tex
Package: pgfsys 2014/07/09 v3.0.1a (rcs-revision 1.48)
(/usr/local/texlive/2017/texmf-dist/tex/generic/pgf/utilities/pgfkeys.code.tex
\pgfkeys@pathtoks=\toks25
\pgfkeys@temptoks=\toks26

(/usr/local/texlive/2017/texmf-dist/tex/generic/pgf/utilities/pgfkeysfiltered.c
ode.tex
\pgfkeys@tmptoks=\toks27
))
\pgf@x=\dimen136
\pgf@y=\dimen137
\pgf@xa=\dimen138
\pgf@ya=\dimen139
\pgf@xb=\dimen140
\pgf@yb=\dimen141
\pgf@xc=\dimen142
\pgf@yc=\dimen143
\w@pgf@writea=\write3
\r@pgf@reada=\read1
\c@pgf@counta=\count138
\c@pgf@countb=\count139
\c@pgf@countc=\count140
\c@pgf@countd=\count141
\t@pgf@toka=\toks28
\t@pgf@tokb=\toks29
\t@pgf@tokc=\toks30

(/usr/local/texlive/2017/texmf-dist/tex/generic/pgf/systemlayer/pgf.cfg
File: pgf.cfg 2008/05/14  (rcs-revision 1.7)
)
Driver file for pgf: pgfsys-pdftex.def

(/usr/local/texlive/2017/texmf-dist/tex/generic/pgf/systemlayer/pgfsys-pdftex.d
ef
File: pgfsys-pdftex.def 2014/10/11  (rcs-revision 1.35)

(/usr/local/texlive/2017/texmf-dist/tex/generic/pgf/systemlayer/pgfsys-common-p
df.def
File: pgfsys-common-pdf.def 2013/10/10  (rcs-revision 1.13)
)))
(/usr/local/texlive/2017/texmf-dist/tex/generic/pgf/systemlayer/pgfsyssoftpath.
code.tex
File: pgfsyssoftpath.code.tex 2013/09/09  (rcs-revision 1.9)
\pgfsyssoftpath@smallbuffer@items=\count142
\pgfsyssoftpath@bigbuffer@items=\count143
)
(/usr/local/texlive/2017/texmf-dist/tex/generic/pgf/systemlayer/pgfsysprotocol.
code.tex
File: pgfsysprotocol.code.tex 2006/10/16  (rcs-revision 1.4)
))
(/usr/local/texlive/2017/texmf-dist/tex/generic/pgf/basiclayer/pgfcore.code.tex
Package: pgfcore 2010/04/11 v3.0.1a (rcs-revision 1.7)
(/usr/local/texlive/2017/texmf-dist/tex/generic/pgf/math/pgfmath.code.tex
(/usr/local/texlive/2017/texmf-dist/tex/generic/pgf/math/pgfmathcalc.code.tex
(/usr/local/texlive/2017/texmf-dist/tex/generic/pgf/math/pgfmathutil.code.tex)
(/usr/local/texlive/2017/texmf-dist/tex/generic/pgf/math/pgfmathparser.code.tex
\pgfmath@dimen=\dimen144
\pgfmath@count=\count144
\pgfmath@box=\box30
\pgfmath@toks=\toks31
\pgfmath@stack@operand=\toks32
\pgfmath@stack@operation=\toks33
)
(/usr/local/texlive/2017/texmf-dist/tex/generic/pgf/math/pgfmathfunctions.code.
tex
(/usr/local/texlive/2017/texmf-dist/tex/generic/pgf/math/pgfmathfunctions.basic
.code.tex)
(/usr/local/texlive/2017/texmf-dist/tex/generic/pgf/math/pgfmathfunctions.trigo
nometric.code.tex)
(/usr/local/texlive/2017/texmf-dist/tex/generic/pgf/math/pgfmathfunctions.rando
m.code.tex)
(/usr/local/texlive/2017/texmf-dist/tex/generic/pgf/math/pgfmathfunctions.compa
rison.code.tex)
(/usr/local/texlive/2017/texmf-dist/tex/generic/pgf/math/pgfmathfunctions.base.
code.tex)
(/usr/local/texlive/2017/texmf-dist/tex/generic/pgf/math/pgfmathfunctions.round
.code.tex)
(/usr/local/texlive/2017/texmf-dist/tex/generic/pgf/math/pgfmathfunctions.misc.
code.tex)
(/usr/local/texlive/2017/texmf-dist/tex/generic/pgf/math/pgfmathfunctions.integ
erarithmetics.code.tex)))
(/usr/local/texlive/2017/texmf-dist/tex/generic/pgf/math/pgfmathfloat.code.tex
\c@pgfmathroundto@lastzeros=\count145
))
(/usr/local/texlive/2017/texmf-dist/tex/generic/pgf/basiclayer/pgfcorepoints.co
de.tex
File: pgfcorepoints.code.tex 2013/10/07  (rcs-revision 1.27)
\pgf@picminx=\dimen145
\pgf@picmaxx=\dimen146
\pgf@picminy=\dimen147
\pgf@picmaxy=\dimen148
\pgf@pathminx=\dimen149
\pgf@pathmaxx=\dimen150
\pgf@pathminy=\dimen151
\pgf@pathmaxy=\dimen152
\pgf@xx=\dimen153
\pgf@xy=\dimen154
\pgf@yx=\dimen155
\pgf@yy=\dimen156
\pgf@zx=\dimen157
\pgf@zy=\dimen158
)
(/usr/local/texlive/2017/texmf-dist/tex/generic/pgf/basiclayer/pgfcorepathconst
ruct.code.tex
File: pgfcorepathconstruct.code.tex 2013/10/07  (rcs-revision 1.29)
\pgf@path@lastx=\dimen159
\pgf@path@lasty=\dimen160
)
(/usr/local/texlive/2017/texmf-dist/tex/generic/pgf/basiclayer/pgfcorepathusage
.code.tex
File: pgfcorepathusage.code.tex 2014/11/02  (rcs-revision 1.24)
\pgf@shorten@end@additional=\dimen161
\pgf@shorten@start@additional=\dimen162
)
(/usr/local/texlive/2017/texmf-dist/tex/generic/pgf/basiclayer/pgfcorescopes.co
de.tex
File: pgfcorescopes.code.tex 2015/05/08  (rcs-revision 1.46)
\pgfpic=\box31
\pgf@hbox=\box32
\pgf@layerbox@main=\box33
\pgf@picture@serial@count=\count146
)
(/usr/local/texlive/2017/texmf-dist/tex/generic/pgf/basiclayer/pgfcoregraphicst
ate.code.tex
File: pgfcoregraphicstate.code.tex 2014/11/02  (rcs-revision 1.12)
\pgflinewidth=\dimen163
)
(/usr/local/texlive/2017/texmf-dist/tex/generic/pgf/basiclayer/pgfcoretransform
ations.code.tex
File: pgfcoretransformations.code.tex 2015/08/07  (rcs-revision 1.20)
\pgf@pt@x=\dimen164
\pgf@pt@y=\dimen165
\pgf@pt@temp=\dimen166
)
(/usr/local/texlive/2017/texmf-dist/tex/generic/pgf/basiclayer/pgfcorequick.cod
e.tex
File: pgfcorequick.code.tex 2008/10/09  (rcs-revision 1.3)
)
(/usr/local/texlive/2017/texmf-dist/tex/generic/pgf/basiclayer/pgfcoreobjects.c
ode.tex
File: pgfcoreobjects.code.tex 2006/10/11  (rcs-revision 1.2)
)
(/usr/local/texlive/2017/texmf-dist/tex/generic/pgf/basiclayer/pgfcorepathproce
ssing.code.tex
File: pgfcorepathprocessing.code.tex 2013/09/09  (rcs-revision 1.9)
)
(/usr/local/texlive/2017/texmf-dist/tex/generic/pgf/basiclayer/pgfcorearrows.co
de.tex
File: pgfcorearrows.code.tex 2015/05/14  (rcs-revision 1.43)
\pgfarrowsep=\dimen167
)
(/usr/local/texlive/2017/texmf-dist/tex/generic/pgf/basiclayer/pgfcoreshade.cod
e.tex
File: pgfcoreshade.code.tex 2013/07/15  (rcs-revision 1.15)
\pgf@max=\dimen168
\pgf@sys@shading@range@num=\count147
)
(/usr/local/texlive/2017/texmf-dist/tex/generic/pgf/basiclayer/pgfcoreimage.cod
e.tex
File: pgfcoreimage.code.tex 2013/07/15  (rcs-revision 1.18)

(/usr/local/texlive/2017/texmf-dist/tex/generic/pgf/basiclayer/pgfcoreexternal.
code.tex
File: pgfcoreexternal.code.tex 2014/07/09  (rcs-revision 1.21)
\pgfexternal@startupbox=\box34
))
(/usr/local/texlive/2017/texmf-dist/tex/generic/pgf/basiclayer/pgfcorelayers.co
de.tex
File: pgfcorelayers.code.tex 2013/07/18  (rcs-revision 1.7)
)
(/usr/local/texlive/2017/texmf-dist/tex/generic/pgf/basiclayer/pgfcoretranspare
ncy.code.tex
File: pgfcoretransparency.code.tex 2013/09/30  (rcs-revision 1.5)
)
(/usr/local/texlive/2017/texmf-dist/tex/generic/pgf/basiclayer/pgfcorepatterns.
code.tex
File: pgfcorepatterns.code.tex 2013/11/07  (rcs-revision 1.5)
)))
(/usr/local/texlive/2017/texmf-dist/tex/generic/pgf/modules/pgfmoduleshapes.cod
e.tex
File: pgfmoduleshapes.code.tex 2014/03/21  (rcs-revision 1.35)
\pgfnodeparttextbox=\box35
)
(/usr/local/texlive/2017/texmf-dist/tex/generic/pgf/modules/pgfmoduleplot.code.
tex
File: pgfmoduleplot.code.tex 2015/08/03  (rcs-revision 1.13)
)
(/usr/local/texlive/2017/texmf-dist/tex/latex/pgf/compatibility/pgfcomp-version
-0-65.sty
Package: pgfcomp-version-0-65 2007/07/03 v3.0.1a (rcs-revision 1.7)
\pgf@nodesepstart=\dimen169
\pgf@nodesepend=\dimen170
)
(/usr/local/texlive/2017/texmf-dist/tex/latex/pgf/compatibility/pgfcomp-version
-1-18.sty
Package: pgfcomp-version-1-18 2007/07/23 v3.0.1a (rcs-revision 1.1)
))
(/usr/local/texlive/2017/texmf-dist/tex/latex/pgf/utilities/pgffor.sty
(/usr/local/texlive/2017/texmf-dist/tex/latex/pgf/utilities/pgfkeys.sty
(/usr/local/texlive/2017/texmf-dist/tex/generic/pgf/utilities/pgfkeys.code.tex)
) (/usr/local/texlive/2017/texmf-dist/tex/latex/pgf/math/pgfmath.sty
(/usr/local/texlive/2017/texmf-dist/tex/generic/pgf/math/pgfmath.code.tex))
(/usr/local/texlive/2017/texmf-dist/tex/generic/pgf/utilities/pgffor.code.tex
Package: pgffor 2013/12/13 v3.0.1a (rcs-revision 1.25)

(/usr/local/texlive/2017/texmf-dist/tex/generic/pgf/math/pgfmath.code.tex)
\pgffor@iter=\dimen171
\pgffor@skip=\dimen172
\pgffor@stack=\toks34
\pgffor@toks=\toks35
))
(/usr/local/texlive/2017/texmf-dist/tex/generic/pgf/frontendlayer/tikz/tikz.cod
e.tex
Package: tikz 2015/08/07 v3.0.1a (rcs-revision 1.151)

(/usr/local/texlive/2017/texmf-dist/tex/generic/pgf/libraries/pgflibraryplothan
dlers.code.tex
File: pgflibraryplothandlers.code.tex 2013/08/31 v3.0.1a (rcs-revision 1.20)
\pgf@plot@mark@count=\count148
\pgfplotmarksize=\dimen173
)
\tikz@lastx=\dimen174
\tikz@lasty=\dimen175
\tikz@lastxsaved=\dimen176
\tikz@lastysaved=\dimen177
\tikzleveldistance=\dimen178
\tikzsiblingdistance=\dimen179
\tikz@figbox=\box36
\tikz@figbox@bg=\box37
\tikz@tempbox=\box38
\tikz@tempbox@bg=\box39
\tikztreelevel=\count149
\tikznumberofchildren=\count150
\tikznumberofcurrentchild=\count151
\tikz@fig@count=\count152

(/usr/local/texlive/2017/texmf-dist/tex/generic/pgf/modules/pgfmodulematrix.cod
e.tex
File: pgfmodulematrix.code.tex 2013/09/17  (rcs-revision 1.8)
\pgfmatrixcurrentrow=\count153
\pgfmatrixcurrentcolumn=\count154
\pgf@matrix@numberofcolumns=\count155
)
\tikz@expandcount=\count156

(/usr/local/texlive/2017/texmf-dist/tex/generic/pgf/frontendlayer/tikz/librarie
s/tikzlibrarytopaths.code.tex
File: tikzlibrarytopaths.code.tex 2008/06/17 v3.0.1a (rcs-revision 1.2)
)))
(/usr/local/texlive/2017/texmf-dist/tex/generic/pgf/frontendlayer/tikz/librarie
s/tikzlibrarypositioning.code.tex
File: tikzlibrarypositioning.code.tex 2008/10/06 v3.0.1a (rcs-revision 1.7)
)
(/usr/local/texlive/2017/texmf-dist/tex/latex/tools/calc.sty
Package: calc 2014/10/28 v4.3 Infix arithmetic (KKT,FJ)
\calc@Acount=\count157
\calc@Bcount=\count158
\calc@Adimen=\dimen180
\calc@Bdimen=\dimen181
\calc@Askip=\skip59
\calc@Bskip=\skip60
LaTeX Info: Redefining \setlength on input line 80.
LaTeX Info: Redefining \addtolength on input line 81.
\calc@Ccount=\count159
\calc@Cskip=\skip61
)
\c@@todonotes@numberoftodonotes=\count160
) (./2017corl.aux)
\openout1 = `2017corl.aux'.

LaTeX Font Info:    Checking defaults for OML/cmm/m/it on input line 47.
LaTeX Font Info:    ... okay on input line 47.
LaTeX Font Info:    Checking defaults for T1/cmr/m/n on input line 47.
LaTeX Font Info:    ... okay on input line 47.
LaTeX Font Info:    Checking defaults for OT1/cmr/m/n on input line 47.
LaTeX Font Info:    ... okay on input line 47.
LaTeX Font Info:    Checking defaults for OMS/cmsy/m/n on input line 47.
LaTeX Font Info:    ... okay on input line 47.
LaTeX Font Info:    Checking defaults for OMX/cmex/m/n on input line 47.
LaTeX Font Info:    ... okay on input line 47.
LaTeX Font Info:    Checking defaults for U/cmr/m/n on input line 47.
LaTeX Font Info:    ... okay on input line 47.
LaTeX Font Info:    Checking defaults for PD1/pdf/m/n on input line 47.
LaTeX Font Info:    ... okay on input line 47.
LaTeX Font Info:    Try loading font information for OT1+ptm on input line 47.
(/usr/local/texlive/2017/texmf-dist/tex/latex/psnfss/ot1ptm.fd
File: ot1ptm.fd 2001/06/04 font definitions for OT1/ptm.
)
(/usr/local/texlive/2017/texmf-dist/tex/context/base/mkii/supp-pdf.mkii
[Loading MPS to PDF converter (version 2006.09.02).]
\scratchcounter=\count161
\scratchdimen=\dimen182
\scratchbox=\box40
\nofMPsegments=\count162
\nofMParguments=\count163
\everyMPshowfont=\toks36
\MPscratchCnt=\count164
\MPscratchDim=\dimen183
\MPnumerator=\count165
\makeMPintoPDFobject=\count166
\everyMPtoPDFconversion=\toks37
) (/usr/local/texlive/2017/texmf-dist/tex/latex/oberdiek/epstopdf-base.sty
Package: epstopdf-base 2016/05/15 v2.6 Base part for package epstopdf

(/usr/local/texlive/2017/texmf-dist/tex/latex/oberdiek/grfext.sty
Package: grfext 2016/05/16 v1.2 Manage graphics extensions (HO)
)
Package epstopdf-base Info: Redefining graphics rule for `.eps' on input line 4
38.
Package grfext Info: Graphics extension search list:
(grfext)             [.png,.pdf,.jpg,.mps,.jpeg,.jbig2,.jb2,.PNG,.PDF,.JPG,.JPE
G,.JBIG2,.JB2,.eps]
(grfext)             \AppendGraphicsExtensions on input line 456.

(/usr/local/texlive/2017/texmf-dist/tex/latex/latexconfig/epstopdf-sys.cfg
File: epstopdf-sys.cfg 2010/07/13 v1.3 Configuration of (r)epstopdf for TeX Liv
e
))
\AtBeginShipoutBox=\box41
Package hyperref Info: Link coloring ON on input line 47.

(/usr/local/texlive/2017/texmf-dist/tex/latex/hyperref/nameref.sty
Package: nameref 2016/05/21 v2.44 Cross-referencing by name of section

(/usr/local/texlive/2017/texmf-dist/tex/generic/oberdiek/gettitlestring.sty
Package: gettitlestring 2016/05/16 v1.5 Cleanup title references (HO)
)
\c@section@level=\count167
)
LaTeX Info: Redefining \ref on input line 47.
LaTeX Info: Redefining \pageref on input line 47.
LaTeX Info: Redefining \nameref on input line 47.

(./2017corl.out) (./2017corl.out)
\@outlinefile=\write4
\openout4 = `2017corl.out'.


*geometry* driver: auto-detecting
*geometry* detected driver: pdftex
*geometry* verbose mode - [ preamble ] result:
* driver: pdftex
* paper: letterpaper
* layout: <same size as paper>
* layoutoffset:(h,v)=(0.0pt,0.0pt)
* modes: 
* h-part:(L,W,R)=(92.14519pt, 430.00462pt, 92.14519pt)
* v-part:(T,H,B)=(95.39737pt, 556.47656pt, 143.09605pt)
* \paperwidth=614.295pt
* \paperheight=794.96999pt
* \textwidth=430.00462pt
* \textheight=556.47656pt
* \oddsidemargin=19.8752pt
* \evensidemargin=19.8752pt
* \topmargin=-13.87262pt
* \headheight=12.0pt
* \headsep=25.0pt
* \topskip=10.0pt
* \footskip=30.0pt
* \marginparwidth=65.0pt
* \marginparsep=11.0pt
* \columnsep=10.0pt
* \skip\footins=9.0pt plus 4.0pt minus 2.0pt
* \hoffset=0.0pt
* \voffset=0.0pt
* \mag=1000
* \@twocolumnfalse
* \@twosidefalse
* \@mparswitchfalse
* \@reversemarginfalse
* (1in=72.27pt=25.4mm, 1cm=28.453pt)

*geometry* verbose mode - [ newgeometry ] result:
* driver: pdftex
* paper: letterpaper
* layout: <same size as paper>
* layoutoffset:(h,v)=(0.0pt,0.0pt)
* modes: 
* h-part:(L,W,R)=(108.405pt, 397.48499pt, 108.40501pt)
* v-part:(T,H,B)=(72.26999pt, 650.43pt, 72.27pt)
* \paperwidth=614.295pt
* \paperheight=794.96999pt
* \textwidth=397.48499pt
* \textheight=650.43pt
* \oddsidemargin=36.13501pt
* \evensidemargin=36.13501pt
* \topmargin=-37.0pt
* \headheight=12.0pt
* \headsep=25.0pt
* \topskip=10.0pt
* \footskip=30.0pt
* \marginparwidth=65.0pt
* \marginparsep=11.0pt
* \columnsep=10.0pt
* \skip\footins=9.0pt plus 4.0pt minus 2.0pt
* \hoffset=0.0pt
* \voffset=0.0pt
* \mag=1000
* \@twocolumnfalse
* \@twosidefalse
* \@mparswitchfalse
* \@reversemarginfalse
* (1in=72.27pt=25.4mm, 1cm=28.453pt)

ABD: EveryShipout initializing macros
LaTeX Font Info:    Font shape `OT1/ptm/bx/n' in size <17.28> not available
(Font)              Font shape `OT1/ptm/b/n' tried instead on input line 48.
LaTeX Font Info:    Try loading font information for U+msa on input line 48.

(/usr/local/texlive/2017/texmf-dist/tex/latex/amsfonts/umsa.fd
File: umsa.fd 2013/01/14 v3.01 AMS symbols A
)
LaTeX Font Info:    Try loading font information for U+msb on input line 48.

(/usr/local/texlive/2017/texmf-dist/tex/latex/amsfonts/umsb.fd
File: umsb.fd 2013/01/14 v3.01 AMS symbols B
)
LaTeX Font Info:    Font shape `OT1/ptm/bx/n' in size <10> not available
(Font)              Font shape `OT1/ptm/b/n' tried instead on input line 48.

Underfull \hbox (badness 1472) in paragraph at lines 52--57
\OT1/ptm/m/n/10 that value and pol-icy func-tions gen-er-ally in-herit reg-u-la
r-ity prop-er-ties like
 []

LaTeX Font Info:    Font shape `OT1/ptm/bx/n' in size <12> not available
(Font)              Font shape `OT1/ptm/b/n' tried instead on input line 65.
LaTeX Font Info:    Try loading font information for U+eus on input line 68.
(/usr/local/texlive/2017/texmf-dist/tex/latex/amsfonts/ueus.fd
File: ueus.fd 2013/01/14 v3.01 Euler Script
)

Package xcolor Warning: Incompatible color definition on input line 73.


Package xcolor Warning: Incompatible color definition on input line 75.


Package xcolor Warning: Incompatible color definition on input line 89.


Package xcolor Warning: Incompatible color definition on input line 90.


Package xcolor Warning: Incompatible color definition on input line 91.


Package xcolor Warning: Incompatible color definition on input line 108.

[1


{/usr/local/texlive/2017/texmf-var/fonts/map/pdftex/updmap/pdftex.map}]

Package xcolor Warning: Incompatible color definition on input line 113.


Package xcolor Warning: Incompatible color definition on input line 113.


Package xcolor Warning: Incompatible color definition on input line 117.


Package xcolor Warning: Incompatible color definition on input line 117.


Package xcolor Warning: Incompatible color definition on input line 120.


Package xcolor Warning: Incompatible color definition on input line 125.


Package xcolor Warning: Incompatible color definition on input line 125.


Package xcolor Warning: Incompatible color definition on input line 126.


Package xcolor Warning: Incompatible color definition on input line 126.


Package xcolor Warning: Incompatible color definition on input line 131.


Package xcolor Warning: Incompatible color definition on input line 138.


Package xcolor Warning: Incompatible color definition on input line 138.


Package xcolor Warning: Incompatible color definition on input line 138.


Package xcolor Warning: Incompatible color definition on input line 138.


Package xcolor Warning: Incompatible color definition on input line 138.


Package xcolor Warning: Incompatible color definition on input line 138.


Package xcolor Warning: Incompatible color definition on input line 160.


Package xcolor Warning: Incompatible color definition on input line 160.


Package xcolor Warning: Incompatible color definition on input line 160.


Package xcolor Warning: Incompatible color definition on input line 160.


Package xcolor Warning: Incompatible color definition on input line 160.


Package xcolor Warning: Incompatible color definition on input line 167.


Package xcolor Warning: Incompatible color definition on input line 167.


Package xcolor Warning: Incompatible color definition on input line 177.


Package xcolor Warning: Incompatible color definition on input line 177.


Package xcolor Warning: Incompatible color definition on input line 185.


Package xcolor Warning: Incompatible color definition on input line 191.


Package xcolor Warning: Incompatible color definition on input line 202.


Package xcolor Warning: Incompatible color definition on input line 203.


Package xcolor Warning: Incompatible color definition on input line 203.


Package xcolor Warning: Incompatible color definition on input line 203.


Package xcolor Warning: Incompatible color definition on input line 205.


Package xcolor Warning: Incompatible color definition on input line 205.


Package xcolor Warning: Incompatible color definition on input line 205.

LaTeX Font Info:    Try loading font information for OMS+ptm on input line 205.

(/usr/local/texlive/2017/texmf-dist/tex/latex/psnfss/omsptm.fd
File: omsptm.fd 
)
LaTeX Font Info:    Font shape `OMS/ptm/m/n' in size <10> not available
(Font)              Font shape `OMS/cmsy/m/n' tried instead on input line 205.


Package xcolor Warning: Incompatible color definition on input line 209.

[2]

Package xcolor Warning: Incompatible color definition on input line 216.


Package xcolor Warning: Incompatible color definition on input line 216.


Package xcolor Warning: Incompatible color definition on input line 216.


Package xcolor Warning: Incompatible color definition on input line 216.


Package xcolor Warning: Incompatible color definition on input line 216.


Package xcolor Warning: Incompatible color definition on input line 216.


Package xcolor Warning: Incompatible color definition on input line 237.


Package xcolor Warning: Incompatible color definition on input line 237.


Package xcolor Warning: Incompatible color definition on input line 237.


Package xcolor Warning: Incompatible color definition on input line 237.


Package xcolor Warning: Incompatible color definition on input line 237.


Package xcolor Warning: Incompatible color definition on input line 240.


Package xcolor Warning: Incompatible color definition on input line 240.


Package xcolor Warning: Incompatible color definition on input line 240.


Package xcolor Warning: Incompatible color definition on input line 241.


Package xcolor Warning: Incompatible color definition on input line 241.

<1a.pdf, id=163, 357.53577pt x 457.99104pt>
File: 1a.pdf Graphic file (type pdf)
 <use 1a.pdf>
Package pdftex.def Info: 1a.pdf used on input line 248.
(pdftex.def)             Requested size: 139.12216pt x 178.21046pt.

<1b.pdf, id=164, 357.53577pt x 457.99104pt>
File: 1b.pdf Graphic file (type pdf)
 <use 1b.pdf>
Package pdftex.def Info: 1b.pdf used on input line 251.
(pdftex.def)             Requested size: 139.12216pt x 178.21046pt.

<1c.pdf, id=165, 418.21432pt x 282.07672pt>
File: 1c.pdf Graphic file (type pdf)
 <use 1c.pdf>
Package pdftex.def Info: 1c.pdf used on input line 255.
(pdftex.def)             Requested size: 190.79109pt x 128.68513pt.

<1d.pdf, id=166, 420.06625pt x 291.83528pt>
File: 1d.pdf Graphic file (type pdf)
 <use 1d.pdf>
Package pdftex.def Info: 1d.pdf used on input line 258.
(pdftex.def)             Requested size: 190.79109pt x 132.54924pt.

<1e.pdf, id=167, 409.38573pt x 276.99986pt>
File: 1e.pdf Graphic file (type pdf)
 <use 1e.pdf>
Package pdftex.def Info: 1e.pdf used on input line 262.
(pdftex.def)             Requested size: 190.79109pt x 129.09523pt.

<1f.pdf, id=168, 409.38573pt x 276.99986pt>
File: 1f.pdf Graphic file (type pdf)
 <use 1f.pdf>
Package pdftex.def Info: 1f.pdf used on input line 265.
(pdftex.def)             Requested size: 190.79109pt x 129.09523pt.


Package xcolor Warning: Incompatible color definition on input line 277.


Package xcolor Warning: Incompatible color definition on input line 277.


Package xcolor Warning: Incompatible color definition on input line 277.


Package xcolor Warning: Incompatible color definition on input line 277.

<2a.pdf, id=173, 419.48596pt x 276.41957pt>
File: 2a.pdf Graphic file (type pdf)
 <use 2a.pdf>
Package pdftex.def Info: 2a.pdf used on input line 291.
(pdftex.def)             Requested size: 190.79109pt x 125.72047pt.

<2b.pdf, id=174, 419.48596pt x 276.41957pt>
File: 2b.pdf Graphic file (type pdf)
 <use 2b.pdf>
Package pdftex.def Info: 2b.pdf used on input line 294.
(pdftex.def)             Requested size: 190.79109pt x 125.72047pt.


Package xcolor Warning: Incompatible color definition on input line 314.


Package xcolor Warning: Incompatible color definition on input line 314.


Package xcolor Warning: Incompatible color definition on input line 314.


Package xcolor Warning: Incompatible color definition on input line 314.


Package xcolor Warning: Incompatible color definition on input line 314.


Package xcolor Warning: Incompatible color definition on input line 314.


Package xcolor Warning: Incompatible color definition on input line 314.


Package xcolor Warning: Incompatible color definition on input line 314.


Package xcolor Warning: Incompatible color definition on input line 336.


Package xcolor Warning: Incompatible color definition on input line 336.


Package xcolor Warning: Incompatible color definition on input line 355.


Package xcolor Warning: Incompatible color definition on input line 357.


Package xcolor Warning: Incompatible color definition on input line 397.


Package xcolor Warning: Incompatible color definition on input line 399.


Package xcolor Warning: Incompatible color definition on input line 399.


Package xcolor Warning: Incompatible color definition on input line 399.

[3] [4 <./1a.pdf> <./1b.pdf

pdfTeX warning: /Library/TeX/texbin/pdflatex (file ./1b.pdf): PDF inclusion: mu
ltiple pdfs with page group included in a single page
> <./1c.pdf

pdfTeX warning: /Library/TeX/texbin/pdflatex (file ./1c.pdf): PDF inclusion: mu
ltiple pdfs with page group included in a single page
> <./1d.pdf

pdfTeX warning: /Library/TeX/texbin/pdflatex (file ./1d.pdf): PDF inclusion: mu
ltiple pdfs with page group included in a single page
> <./1e.pdf

pdfTeX warning: /Library/TeX/texbin/pdflatex (file ./1e.pdf): PDF inclusion: mu
ltiple pdfs with page group included in a single page
> <./1f.pdf

pdfTeX warning: /Library/TeX/texbin/pdflatex (file ./1f.pdf): PDF inclusion: mu
ltiple pdfs with page group included in a single page
>]

Package xcolor Warning: Incompatible color definition on input line 403.


Package xcolor Warning: Incompatible color definition on input line 403.


Package xcolor Warning: Incompatible color definition on input line 416.


Package xcolor Warning: Incompatible color definition on input line 416.


Package xcolor Warning: Incompatible color definition on input line 430.


Package xcolor Warning: Incompatible color definition on input line 433.


Package xcolor Warning: Incompatible color definition on input line 433.


Package xcolor Warning: Incompatible color definition on input line 433.


Package xcolor Warning: Incompatible color definition on input line 434.


Package xcolor Warning: Incompatible color definition on input line 435.


Package xcolor Warning: Incompatible color definition on input line 438.


Package xcolor Warning: Incompatible color definition on input line 444.


Package xcolor Warning: Incompatible color definition on input line 444.


Package xcolor Warning: Incompatible color definition on input line 445.


Package xcolor Warning: Incompatible color definition on input line 446.


Package xcolor Warning: Incompatible color definition on input line 446.


Package xcolor Warning: Incompatible color definition on input line 446.


Package xcolor Warning: Incompatible color definition on input line 449.


Package xcolor Warning: Incompatible color definition on input line 452.


Package xcolor Warning: Incompatible color definition on input line 454.

[5 <./2a.pdf> <./2b.pdf

pdfTeX warning: /Library/TeX/texbin/pdflatex (file ./2b.pdf): PDF inclusion: mu
ltiple pdfs with page group included in a single page
>]

Package xcolor Warning: Incompatible color definition on input line 460.


Package xcolor Warning: Incompatible color definition on input line 473.


Package xcolor Warning: Incompatible color definition on input line 473.


Package xcolor Warning: Incompatible color definition on input line 473.


Package xcolor Warning: Incompatible color definition on input line 503.


Package xcolor Warning: Incompatible color definition on input line 503.


Package xcolor Warning: Incompatible color definition on input line 503.


Package xcolor Warning: Incompatible color definition on input line 504.


Package xcolor Warning: Incompatible color definition on input line 518.


Package xcolor Warning: Incompatible color definition on input line 532.


Package xcolor Warning: Incompatible color definition on input line 532.


Package xcolor Warning: Incompatible color definition on input line 532.


Package xcolor Warning: Incompatible color definition on input line 534.


Package xcolor Warning: Incompatible color definition on input line 536.


Package xcolor Warning: Incompatible color definition on input line 536.


Package xcolor Warning: Incompatible color definition on input line 538.

<3a.pdf, id=458, 433.62pt x 289.08pt>
File: 3a.pdf Graphic file (type pdf)
 <use 3a.pdf>
Package pdftex.def Info: 3a.pdf used on input line 550.
(pdftex.def)             Requested size: 190.79109pt x 127.19559pt.

<3b.pdf, id=459, 418.21432pt x 282.07672pt>
File: 3b.pdf Graphic file (type pdf)
 <use 3b.pdf>
Package pdftex.def Info: 3b.pdf used on input line 553.
(pdftex.def)             Requested size: 190.79109pt x 128.68513pt.

<3c.pdf, id=460, 418.21432pt x 272.12166pt>
File: 3c.pdf Graphic file (type pdf)
 <use 3c.pdf>
Package pdftex.def Info: 3c.pdf used on input line 557.
(pdftex.def)             Requested size: 190.79109pt x 124.14357pt.

<3d.pdf, id=461, 418.21432pt x 272.12166pt>
File: 3d.pdf Graphic file (type pdf)
 <use 3d.pdf>
Package pdftex.def Info: 3d.pdf used on input line 560.
(pdftex.def)             Requested size: 190.79109pt x 124.14357pt.

<3e.pdf, id=462, 418.16728pt x 272.12166pt>
File: 3e.pdf Graphic file (type pdf)
 <use 3e.pdf>
Package pdftex.def Info: 3e.pdf used on input line 564.
(pdftex.def)             Requested size: 190.79109pt x 124.15602pt.

<3f.png, id=463, 415.7934pt x 269.808pt>
File: 3f.png Graphic file (type png)
 <use 3f.png>
Package pdftex.def Info: 3f.png used on input line 567.
(pdftex.def)             Requested size: 190.79109pt x 123.80441pt.


Package xcolor Warning: Incompatible color definition on input line 580.


Package xcolor Warning: Incompatible color definition on input line 580.


Package xcolor Warning: Incompatible color definition on input line 580.


Package xcolor Warning: Incompatible color definition on input line 580.


Package xcolor Warning: Incompatible color definition on input line 580.


Package xcolor Warning: Incompatible color definition on input line 580.


Package xcolor Warning: Incompatible color definition on input line 590.


Package xcolor Warning: Incompatible color definition on input line 592.

[6]

Package xcolor Warning: Incompatible color definition on input line 597.


Package xcolor Warning: Incompatible color definition on input line 605.


Package xcolor Warning: Incompatible color definition on input line 605.


Package xcolor Warning: Incompatible color definition on input line 605.

[7 <./3a.pdf> <./3b.pdf

pdfTeX warning: /Library/TeX/texbin/pdflatex (file ./3b.pdf): PDF inclusion: mu
ltiple pdfs with page group included in a single page
> <./3c.pdf

pdfTeX warning: /Library/TeX/texbin/pdflatex (file ./3c.pdf): PDF inclusion: mu
ltiple pdfs with page group included in a single page
> <./3d.pdf

pdfTeX warning: /Library/TeX/texbin/pdflatex (file ./3d.pdf): PDF inclusion: mu
ltiple pdfs with page group included in a single page
> <./3e.pdf

pdfTeX warning: /Library/TeX/texbin/pdflatex (file ./3e.pdf): PDF inclusion: mu
ltiple pdfs with page group included in a single page
> <./3f.png>]

Package xcolor Warning: Incompatible color definition on input line 607.


Package xcolor Warning: Incompatible color definition on input line 608.


Package xcolor Warning: Incompatible color definition on input line 617.


Package xcolor Warning: Incompatible color definition on input line 621.


Package xcolor Warning: Incompatible color definition on input line 622.


Package xcolor Warning: Incompatible color definition on input line 647.


Package xcolor Warning: Incompatible color definition on input line 647.


Package xcolor Warning: Incompatible color definition on input line 647.


Package xcolor Warning: Incompatible color definition on input line 647.


Package xcolor Warning: Incompatible color definition on input line 647.


Package xcolor Warning: Incompatible color definition on input line 648.


Package xcolor Warning: Incompatible color definition on input line 648.


Package xcolor Warning: Incompatible color definition on input line 648.


Package xcolor Warning: Incompatible color definition on input line 648.


Package xcolor Warning: Incompatible color definition on input line 652.


Package xcolor Warning: Incompatible color definition on input line 655.


Package xcolor Warning: Incompatible color definition on input line 655.


Package xcolor Warning: Incompatible color definition on input line 655.


Package xcolor Warning: Incompatible color definition on input line 655.


Package xcolor Warning: Incompatible color definition on input line 655.


Package xcolor Warning: Incompatible color definition on input line 655.


Package xcolor Warning: Incompatible color definition on input line 655.


Package xcolor Warning: Incompatible color definition on input line 659.


Package xcolor Warning: Incompatible color definition on input line 660.

[8] (./2017corl.bbl

Package xcolor Warning: Incompatible color definition on input line 16.


Package xcolor Warning: Incompatible color definition on input line 24.


Package xcolor Warning: Incompatible color definition on input line 33.


Package xcolor Warning: Incompatible color definition on input line 56.


Package xcolor Warning: Incompatible color definition on input line 64.


Package xcolor Warning: Incompatible color definition on input line 79.


Package xcolor Warning: Incompatible color definition on input line 88.


Package xcolor Warning: Incompatible color definition on input line 97.


Package xcolor Warning: Incompatible color definition on input line 112.


Package xcolor Warning: Incompatible color definition on input line 120.


Package xcolor Warning: Incompatible color definition on input line 129.

[9

]

Package xcolor Warning: Incompatible color definition on input line 161.


Package xcolor Warning: Incompatible color definition on input line 169.


Package xcolor Warning: Incompatible color definition on input line 196.


Package xcolor Warning: Incompatible color definition on input line 209.

) [10]
Package atveryend Info: Empty hook `BeforeClearDocument' on input line 677.
Package atveryend Info: Empty hook `AfterLastShipout' on input line 677.
 (./2017corl.aux)
Package atveryend Info: Executing hook `AtVeryEndDocument' on input line 677.
Package atveryend Info: Executing hook `AtEndAfterFileList' on input line 677.
Package rerunfilecheck Info: File `2017corl.out' has not changed.
(rerunfilecheck)             Checksum: 021F71BBE4A5D7E70B96DCC7CA10BF26;1182.
Package atveryend Info: Empty hook `AtVeryVeryEnd' on input line 677.
 ) 
Here is how much of TeX's memory you used:
 18169 strings out of 492995
 331977 string characters out of 6132704
 423583 words of memory out of 5000000
 21254 multiletter control sequences out of 15000+600000
 26979 words of font info for 64 fonts, out of 8000000 for 9000
 1141 hyphenation exceptions out of 8191
 62i,10n,56p,1335b,464s stack positions out of 5000i,500n,10000p,200000b,80000s
{/usr/local/texlive/2017/texmf-dist/fonts/enc/dvips/base/8r.enc}</usr/local/t
exlive/2017/texmf-dist/fonts/type1/public/amsfonts/cm/cmex10.pfb></usr/local/te
xlive/2017/texmf-dist/fonts/type1/public/amsfonts/cm/cmmi10.pfb></usr/local/tex
live/2017/texmf-dist/fonts/type1/public/amsfonts/cm/cmmi5.pfb></usr/local/texli
ve/2017/texmf-dist/fonts/type1/public/amsfonts/cm/cmmi6.pfb></usr/local/texlive
/2017/texmf-dist/fonts/type1/public/amsfonts/cm/cmmi7.pfb></usr/local/texlive/2
017/texmf-dist/fonts/type1/public/amsfonts/cm/cmmi9.pfb></usr/local/texlive/201
7/texmf-dist/fonts/type1/public/amsfonts/cm/cmr10.pfb></usr/local/texlive/2017/
texmf-dist/fonts/type1/public/amsfonts/cm/cmr5.pfb></usr/local/texlive/2017/tex
mf-dist/fonts/type1/public/amsfonts/cm/cmr6.pfb></usr/local/texlive/2017/texmf-
dist/fonts/type1/public/amsfonts/cm/cmr7.pfb></usr/local/texlive/2017/texmf-dis
t/fonts/type1/public/amsfonts/cm/cmr9.pfb></usr/local/texlive/2017/texmf-dist/f
onts/type1/public/amsfonts/cm/cmsy10.pfb></usr/local/texlive/2017/texmf-dist/fo
nts/type1/public/amsfonts/cm/cmsy7.pfb></usr/local/texlive/2017/texmf-dist/font
s/type1/public/amsfonts/cm/cmsy9.pfb></usr/local/texlive/2017/texmf-dist/fonts/
type1/public/amsfonts/cm/cmtt10.pfb></usr/local/texlive/2017/texmf-dist/fonts/t
ype1/public/amsfonts/cm/cmtt9.pfb></usr/local/texlive/2017/texmf-dist/fonts/typ
e1/public/amsfonts/euler/eusm10.pfb></usr/local/texlive/2017/texmf-dist/fonts/t
ype1/public/amsfonts/euler/eusm7.pfb></usr/local/texlive/2017/texmf-dist/fonts/
type1/public/amsfonts/symbols/msbm10.pfb></usr/local/texlive/2017/texmf-dist/fo
nts/type1/urw/times/utmb8a.pfb></usr/local/texlive/2017/texmf-dist/fonts/type1/
urw/times/utmr8a.pfb></usr/local/texlive/2017/texmf-dist/fonts/type1/urw/times/
utmri8a.pfb>
Output written on 2017corl.pdf (10 pages, 10008382 bytes).
PDF statistics:
 788 PDF objects out of 1000 (max. 8388607)
 613 compressed objects within 7 object streams
 109 named destinations out of 1000 (max. 500000)
 187 words of extra memory for PDF output out of 10000 (max. 10000000)

